Analysis & Elaboration report for CPU
Tue Dec 20 19:00:05 2022
Quartus Prime Version 20.1.0 Build 711 06/05/2020 SJ Lite Edition


---------------------
; Table of Contents ;
---------------------
  1. Legal Notice
  2. Analysis & Elaboration Summary
  3. Parallel Compilation
  4. Analysis & Elaboration Settings
  5. Port Connectivity Checks: "CU:cu"
  6. Analysis & Elaboration Messages



----------------
; Legal Notice ;
----------------
Copyright (C) 2020  Intel Corporation. All rights reserved.
Your use of Intel Corporation's design tools, logic functions 
and other software and tools, and any partner logic 
functions, and any output files from any of the foregoing 
(including device programming or simulation files), and any 
associated documentation or information are expressly subject 
to the terms and conditions of the Intel Program License 
Subscription Agreement, the Intel Quartus Prime License Agreement,
the Intel FPGA IP License Agreement, or other applicable license
agreement, including, without limitation, that your use is for
the sole purpose of programming logic devices manufactured by
Intel and sold by Intel or its authorized distributors.  Please
refer to the applicable agreement for further details, at
https://fpgasoftware.intel.com/eula.



+-----------------------------------------------------------------------------+
; Analysis & Elaboration Summary                                              ;
+-------------------------------+---------------------------------------------+
; Analysis & Elaboration Status ; Successful - Tue Dec 20 19:00:05 2022       ;
; Quartus Prime Version         ; 20.1.0 Build 711 06/05/2020 SJ Lite Edition ;
; Revision Name                 ; CPU                                         ;
; Top-level Entity Name         ; CPU                                         ;
; Family                        ; MAX V                                       ;
+-------------------------------+---------------------------------------------+


+------------------------------------------+
; Parallel Compilation                     ;
+----------------------------+-------------+
; Processors                 ; Number      ;
+----------------------------+-------------+
; Number detected on machine ; 16          ;
; Maximum allowed            ; 16          ;
;                            ;             ;
; Average used               ; 1.00        ;
; Maximum used               ; 1           ;
;                            ;             ;
; Usage by Processor         ; % Time Used ;
;     Processor 1            ; 100.0%      ;
+----------------------------+-------------+


+------------------------------------------------------------------------------------------------------------+
; Analysis & Elaboration Settings                                                                            ;
+------------------------------------------------------------------+--------------------+--------------------+
; Option                                                           ; Setting            ; Default Value      ;
+------------------------------------------------------------------+--------------------+--------------------+
; Top-level entity name                                            ; CPU                ; CPU                ;
; Family name                                                      ; MAX V              ; Cyclone V          ;
; Use smart compilation                                            ; Off                ; Off                ;
; Enable parallel Assembler and Timing Analyzer during compilation ; On                 ; On                 ;
; Enable compact report table                                      ; Off                ; Off                ;
; Restructure Multiplexers                                         ; Auto               ; Auto               ;
; Create Debugging Nodes for IP Cores                              ; Off                ; Off                ;
; Preserve fewer node names                                        ; On                 ; On                 ;
; Intel FPGA IP Evaluation Mode                                    ; Enable             ; Enable             ;
; Verilog Version                                                  ; Verilog_2001       ; Verilog_2001       ;
; VHDL Version                                                     ; VHDL_1993          ; VHDL_1993          ;
; State Machine Processing                                         ; Auto               ; Auto               ;
; Safe State Machine                                               ; Off                ; Off                ;
; Extract Verilog State Machines                                   ; On                 ; On                 ;
; Extract VHDL State Machines                                      ; On                 ; On                 ;
; Ignore Verilog initial constructs                                ; Off                ; Off                ;
; Iteration limit for constant Verilog loops                       ; 5000               ; 5000               ;
; Iteration limit for non-constant Verilog loops                   ; 250                ; 250                ;
; Add Pass-Through Logic to Inferred RAMs                          ; On                 ; On                 ;
; Infer RAMs from Raw Logic                                        ; On                 ; On                 ;
; Parallel Synthesis                                               ; On                 ; On                 ;
; NOT Gate Push-Back                                               ; On                 ; On                 ;
; Power-Up Don't Care                                              ; On                 ; On                 ;
; Remove Redundant Logic Cells                                     ; Off                ; Off                ;
; Remove Duplicate Registers                                       ; On                 ; On                 ;
; Ignore CARRY Buffers                                             ; Off                ; Off                ;
; Ignore CASCADE Buffers                                           ; Off                ; Off                ;
; Ignore GLOBAL Buffers                                            ; Off                ; Off                ;
; Ignore ROW GLOBAL Buffers                                        ; Off                ; Off                ;
; Ignore LCELL Buffers                                             ; Off                ; Off                ;
; Ignore SOFT Buffers                                              ; On                 ; On                 ;
; Limit AHDL Integers to 32 Bits                                   ; Off                ; Off                ;
; Optimization Technique                                           ; Balanced           ; Balanced           ;
; Carry Chain Length                                               ; 70                 ; 70                 ;
; Auto Carry Chains                                                ; On                 ; On                 ;
; Auto Open-Drain Pins                                             ; On                 ; On                 ;
; Perform WYSIWYG Primitive Resynthesis                            ; Off                ; Off                ;
; Auto Shift Register Replacement                                  ; Auto               ; Auto               ;
; Allow Shift Register Merging across Hierarchies                  ; Auto               ; Auto               ;
; Auto Clock Enable Replacement                                    ; On                 ; On                 ;
; Allow Synchronous Control Signals                                ; On                 ; On                 ;
; Force Use of Synchronous Clear Signals                           ; Off                ; Off                ;
; Auto Resource Sharing                                            ; Off                ; Off                ;
; Use LogicLock Constraints during Resource Balancing              ; On                 ; On                 ;
; Ignore translate_off and synthesis_off directives                ; Off                ; Off                ;
; Report Parameter Settings                                        ; On                 ; On                 ;
; Report Source Assignments                                        ; On                 ; On                 ;
; Report Connectivity Checks                                       ; On                 ; On                 ;
; Ignore Maximum Fan-Out Assignments                               ; Off                ; Off                ;
; Synchronization Register Chain Length                            ; 2                  ; 2                  ;
; Power Optimization During Synthesis                              ; Normal compilation ; Normal compilation ;
; HDL message level                                                ; Level2             ; Level2             ;
; Suppress Register Optimization Related Messages                  ; Off                ; Off                ;
; Number of Removed Registers Reported in Synthesis Report         ; 5000               ; 5000               ;
; Number of Swept Nodes Reported in Synthesis Report               ; 5000               ; 5000               ;
; Number of Inverted Registers Reported in Synthesis Report        ; 100                ; 100                ;
; Clock MUX Protection                                             ; On                 ; On                 ;
; Block Design Naming                                              ; Auto               ; Auto               ;
; Synthesis Effort                                                 ; Auto               ; Auto               ;
; Shift Register Replacement - Allow Asynchronous Clear Signal     ; On                 ; On                 ;
; Analysis & Synthesis Message Level                               ; Medium             ; Medium             ;
; Disable Register Merging Across Hierarchies                      ; Auto               ; Auto               ;
+------------------------------------------------------------------+--------------------+--------------------+


+----------------------------------------+
; Port Connectivity Checks: "CU:cu"      ;
+------+-------+----------+--------------+
; Port ; Type  ; Severity ; Details      ;
+------+-------+----------+--------------+
; BrEq ; Input ; Info     ; Stuck at VCC ;
+------+-------+----------+--------------+


+---------------------------------+
; Analysis & Elaboration Messages ;
+---------------------------------+
Info: *******************************************************************
Info: Running Quartus Prime Analysis & Elaboration
    Info: Version 20.1.0 Build 711 06/05/2020 SJ Lite Edition
    Info: Processing started: Tue Dec 20 18:59:58 2022
Info: Command: quartus_map --read_settings_files=on --write_settings_files=off CPU -c CPU --analysis_and_elaboration
Warning (18236): Number of processors has not been specified which may cause overloading on shared machines.  Set the global assignment NUM_PARALLEL_PROCESSORS in your QSF to an appropriate value for best performance.
Info (20030): Parallel compilation is enabled and will use 16 of the 16 processors detected
Info (12021): Found 1 design units, including 1 entities, in source file CPU.v
    Info (12023): Found entity 1: CPU File: /media/jto/SDXC/Fall2022/CompArc/CPU/CPU.v Line: 2
Info (12021): Found 1 design units, including 1 entities, in source file ROM.v
    Info (12023): Found entity 1: ROM File: /media/jto/SDXC/Fall2022/CompArc/CPU/ROM.v Line: 1
Info (12021): Found 1 design units, including 1 entities, in source file Regfile.v
    Info (12023): Found entity 1: Regfile File: /media/jto/SDXC/Fall2022/CompArc/CPU/Regfile.v Line: 1
Info (12021): Found 1 design units, including 1 entities, in source file RAM.v
    Info (12023): Found entity 1: RAM File: /media/jto/SDXC/Fall2022/CompArc/CPU/RAM.v Line: 1
Info (12021): Found 1 design units, including 1 entities, in source file CU.v
    Info (12023): Found entity 1: CU File: /media/jto/SDXC/Fall2022/CompArc/CPU/CU.v Line: 1
Info (12021): Found 1 design units, including 1 entities, in source file ALU.v
    Info (12023): Found entity 1: ALU File: /media/jto/SDXC/Fall2022/CompArc/CPU/ALU.v Line: 1
Info (12021): Found 1 design units, including 1 entities, in source file CPU_tb.v
    Info (12023): Found entity 1: CPU_tb File: /media/jto/SDXC/Fall2022/CompArc/CPU/CPU_tb.v Line: 1
Warning (10236): Verilog HDL Implicit Net warning at CPU.v(33): created implicit net for "rst" File: /media/jto/SDXC/Fall2022/CompArc/CPU/CPU.v Line: 33
Info (12127): Elaborating entity "CPU" for the top level hierarchy
Warning (10230): Verilog HDL assignment warning at CPU.v(39): truncated value with size 32 to match size of target (4) File: /media/jto/SDXC/Fall2022/CompArc/CPU/CPU.v Line: 39
Warning (10235): Verilog HDL Always Construct warning at CPU.v(67): variable "rs1" is read inside the Always Construct but isn't in the Always Construct's Event Control File: /media/jto/SDXC/Fall2022/CompArc/CPU/CPU.v Line: 67
Warning (10235): Verilog HDL Always Construct warning at CPU.v(67): variable "rs2" is read inside the Always Construct but isn't in the Always Construct's Event Control File: /media/jto/SDXC/Fall2022/CompArc/CPU/CPU.v Line: 67
Warning (10240): Verilog HDL Always Construct warning at CPU.v(45): inferring latch(es) for variable "BrEq", which holds its previous value in one or more paths through the always construct File: /media/jto/SDXC/Fall2022/CompArc/CPU/CPU.v Line: 45
Warning (10230): Verilog HDL assignment warning at CPU.v(80): truncated value with size 32 to match size of target (4) File: /media/jto/SDXC/Fall2022/CompArc/CPU/CPU.v Line: 80
Info (10041): Inferred latch for "BrEq" at CPU.v(45) File: /media/jto/SDXC/Fall2022/CompArc/CPU/CPU.v Line: 45
Info (12128): Elaborating entity "CU" for hierarchy "CU:cu" File: /media/jto/SDXC/Fall2022/CompArc/CPU/CPU.v Line: 31
Warning (10230): Verilog HDL assignment warning at CU.v(10): truncated value with size 32 to match size of target (4) File: /media/jto/SDXC/Fall2022/CompArc/CPU/CU.v Line: 10
Warning (10230): Verilog HDL assignment warning at CU.v(15): truncated value with size 32 to match size of target (4) File: /media/jto/SDXC/Fall2022/CompArc/CPU/CU.v Line: 15
Warning (10199): Verilog HDL Case Statement warning at CU.v(39): case item expression never matches the case expression File: /media/jto/SDXC/Fall2022/CompArc/CPU/CU.v Line: 39
Warning (10199): Verilog HDL Case Statement warning at CU.v(45): case item expression never matches the case expression File: /media/jto/SDXC/Fall2022/CompArc/CPU/CU.v Line: 45
Warning (10199): Verilog HDL Case Statement warning at CU.v(51): case item expression never matches the case expression File: /media/jto/SDXC/Fall2022/CompArc/CPU/CU.v Line: 51
Warning (10199): Verilog HDL Case Statement warning at CU.v(57): case item expression never matches the case expression File: /media/jto/SDXC/Fall2022/CompArc/CPU/CU.v Line: 57
Info (12128): Elaborating entity "ROM" for hierarchy "ROM:rom" File: /media/jto/SDXC/Fall2022/CompArc/CPU/CPU.v Line: 32
Info (12128): Elaborating entity "Regfile" for hierarchy "Regfile:regFile" File: /media/jto/SDXC/Fall2022/CompArc/CPU/CPU.v Line: 33
Info (12128): Elaborating entity "RAM" for hierarchy "RAM:ram" File: /media/jto/SDXC/Fall2022/CompArc/CPU/CPU.v Line: 34
Info (10008): Verilog HDL or VHDL information: EDA Netlist Writer cannot regroup multidimensional array "chip" into its bus
Info (12128): Elaborating entity "ALU" for hierarchy "ALU:alu" File: /media/jto/SDXC/Fall2022/CompArc/CPU/CPU.v Line: 35
Info: Quartus Prime Analysis & Elaboration was successful. 0 errors, 13 warnings
    Info: Peak virtual memory: 738 megabytes
    Info: Processing ended: Tue Dec 20 19:00:05 2022
    Info: Elapsed time: 00:00:07
    Info: Total CPU time (on all processors): 00:00:20


